0 info it worked if it ends with ok
1 verbose cli [ 'node', '/usr/local/bin/npm', 'install', '-g', 'nodemon' ]
2 info using npm@1.4.9
3 info using node@v0.10.28
4 verbose cache add [ 'nodemon', null ]
5 verbose cache add name=undefined spec="nodemon" args=["nodemon",null]
6 verbose parsed url { protocol: null,
6 verbose parsed url   slashes: null,
6 verbose parsed url   auth: null,
6 verbose parsed url   host: null,
6 verbose parsed url   port: null,
6 verbose parsed url   hostname: null,
6 verbose parsed url   hash: null,
6 verbose parsed url   search: null,
6 verbose parsed url   query: null,
6 verbose parsed url   pathname: 'nodemon',
6 verbose parsed url   path: 'nodemon',
6 verbose parsed url   href: 'nodemon' }
7 silly lockFile 1625b929-nodemon nodemon
8 verbose lock nodemon /Users/stevenbradshaw/.npm/1625b929-nodemon.lock
9 silly lockFile 1625b929-nodemon nodemon
10 silly lockFile 1625b929-nodemon nodemon
11 verbose addNamed [ 'nodemon', '' ]
12 verbose addNamed [ null, '*' ]
13 silly lockFile 4f5e51c6-nodemon nodemon@
14 verbose lock nodemon@ /Users/stevenbradshaw/.npm/4f5e51c6-nodemon.lock
15 silly addNameRange { name: 'nodemon', range: '*', hasData: false }
16 verbose url raw nodemon
17 verbose url resolving [ 'https://registry.npmjs.org/', './nodemon' ]
18 verbose url resolved https://registry.npmjs.org/nodemon
19 info trying registry request attempt 1 at 06:11:29
20 verbose etag "9K6OXHFO197IS79KXBOA0EPY8"
21 http GET https://registry.npmjs.org/nodemon
22 http 200 https://registry.npmjs.org/nodemon
23 silly registry.get cb [ 200,
23 silly registry.get   { server: 'CouchDB/1.5.0 (Erlang OTP/R16B03)',
23 silly registry.get     etag: '"5KTG4KDKP0PFO9JO74Y8D1EY6"',
23 silly registry.get     'content-type': 'application/json',
23 silly registry.get     'cache-control': 'max-age=60',
23 silly registry.get     'content-length': '164946',
23 silly registry.get     'accept-ranges': 'bytes',
23 silly registry.get     date: 'Fri, 18 Sep 2015 05:11:30 GMT',
23 silly registry.get     via: '1.1 varnish',
23 silly registry.get     age: '0',
23 silly registry.get     connection: 'keep-alive',
23 silly registry.get     'x-served-by': 'cache-ams4141-AMS',
23 silly registry.get     'x-cache': 'HIT',
23 silly registry.get     'x-cache-hits': '1',
23 silly registry.get     'x-timer': 'S1442553089.675318,VS0,VE685',
23 silly registry.get     vary: 'Accept' } ]
24 silly addNameRange number 2 { name: 'nodemon', range: '*', hasData: true }
25 silly addNameRange versions [ 'nodemon',
25 silly addNameRange   [ '0.1.4',
25 silly addNameRange     '0.1.5',
25 silly addNameRange     '0.1.6',
25 silly addNameRange     '0.1.7',
25 silly addNameRange     '0.1.8',
25 silly addNameRange     '0.2.0',
25 silly addNameRange     '0.2.1',
25 silly addNameRange     '0.2.2',
25 silly addNameRange     '0.3.0',
25 silly addNameRange     '0.3.1',
25 silly addNameRange     '0.3.2',
25 silly addNameRange     '0.4.0',
25 silly addNameRange     '0.4.1',
25 silly addNameRange     '0.5.0',
25 silly addNameRange     '0.5.1',
25 silly addNameRange     '0.5.2',
25 silly addNameRange     '0.5.3',
25 silly addNameRange     '0.5.4',
25 silly addNameRange     '0.5.5',
25 silly addNameRange     '0.5.6',
25 silly addNameRange     '0.5.7',
25 silly addNameRange     '0.6.0',
25 silly addNameRange     '0.6.1',
25 silly addNameRange     '0.6.2',
25 silly addNameRange     '0.6.3',
25 silly addNameRange     '0.6.4',
25 silly addNameRange     '0.6.5',
25 silly addNameRange     '0.6.6',
25 silly addNameRange     '0.6.7',
25 silly addNameRange     '0.6.8',
25 silly addNameRange     '0.6.9',
25 silly addNameRange     '0.6.10',
25 silly addNameRange     '0.6.11',
25 silly addNameRange     '0.6.12',
25 silly addNameRange     '0.6.13',
25 silly addNameRange     '0.6.14',
25 silly addNameRange     '0.6.15',
25 silly addNameRange     '0.6.16',
25 silly addNameRange     '0.6.17',
25 silly addNameRange     '0.6.18',
25 silly addNameRange     '0.6.19',
25 silly addNameRange     '0.6.20',
25 silly addNameRange     '0.6.21',
25 silly addNameRange     '0.6.22',
25 silly addNameRange     '0.6.23',
25 silly addNameRange     '0.7.0',
25 silly addNameRange     '0.7.1',
25 silly addNameRange     '0.7.2',
25 silly addNameRange     '0.7.3',
25 silly addNameRange     '0.7.4',
25 silly addNameRange     '0.7.5',
25 silly addNameRange     '0.7.6',
25 silly addNameRange     '0.7.7',
25 silly addNameRange     '0.7.8',
25 silly addNameRange     '0.7.10',
25 silly addNameRange     '0.9.0',
25 silly addNameRange     '0.9.1',
25 silly addNameRange     '0.9.2',
25 silly addNameRange     '0.9.3',
25 silly addNameRange     '0.9.5',
25 silly addNameRange     '0.9.6',
25 silly addNameRange     '0.9.7',
25 silly addNameRange     '0.9.10',
25 silly addNameRange     '0.9.11',
25 silly addNameRange     '0.9.12',
25 silly addNameRange     '0.9.14',
25 silly addNameRange     '0.9.16',
25 silly addNameRange     '0.9.17',
25 silly addNameRange     '1.0.0',
25 silly addNameRange     '1.0.1',
25 silly addNameRange     '1.0.2',
25 silly addNameRange     '1.0.2-rc',
25 silly addNameRange     '0.6.10-a',
25 silly addNameRange     '1.0.2-rc3',
25 silly addNameRange     '1.0.2-rc4',
25 silly addNameRange     '1.0.3',
25 silly addNameRange     '1.0.4',
25 silly addNameRange     '1.0.5',
25 silly addNameRange     '1.0.6',
25 silly addNameRange     '1.0.7',
25 silly addNameRange     '1.0.8',
25 silly addNameRange     '1.0.9',
25 silly addNameRange     '1.0.10',
25 silly addNameRange     '1.0.11',
25 silly addNameRange     '1.0.12',
25 silly addNameRange     '1.0.13',
25 silly addNameRange     '1.0.14',
25 silly addNameRange     '1.0.15',
25 silly addNameRange     '1.0.16',
25 silly addNameRange     '1.0.17-rc1',
25 silly addNameRange     '1.0.17-rc2',
25 silly addNameRange     '1.0.17',
25 silly addNameRange     '1.0.18',
25 silly addNameRange     '1.0.19',
25 silly addNameRange     '1.0.20',
25 silly addNameRange     '1.1.0-alpha',
25 silly addNameRange     '1.1.0',
25 silly addNameRange     '1.1.1',
25 silly addNameRange     '1.2.0',
25 silly addNameRange     '1.2.1',
25 silly addNameRange     '1.3.0-0',
25 silly addNameRange     '1.3.0-1',
25 silly addNameRange     '1.3.0-2',
25 silly addNameRange     '1.3.0-3',
25 silly addNameRange     '1.3.0-4',
25 silly addNameRange     '1.3.0-5',
25 silly addNameRange     '1.3.0-6',
25 silly addNameRange     '1.3.0-7',
25 silly addNameRange     '1.3.0',
25 silly addNameRange     '1.3.1',
25 silly addNameRange     '1.3.2',
25 silly addNameRange     '1.3.3',
25 silly addNameRange     '1.3.5',
25 silly addNameRange     '1.3.6',
25 silly addNameRange     '1.3.7',
25 silly addNameRange     '1.3.8',
25 silly addNameRange     '1.4.0',
25 silly addNameRange     '1.4.1',
25 silly addNameRange     '1.5.0-alpha1',
25 silly addNameRange     '1.5.0-alpha2',
25 silly addNameRange     '1.5.0-alpha3',
25 silly addNameRange     '1.5.0-alpha4',
25 silly addNameRange     '1.4.2',
25 silly addNameRange     '1.5.0',
25 silly addNameRange     '1.5.1' ] ]
26 verbose addNamed [ 'nodemon', '1.5.1' ]
27 verbose addNamed [ '1.5.1', '1.5.1' ]
28 silly lockFile 90d3906b-nodemon-1-5-1 nodemon@1.5.1
29 verbose lock nodemon@1.5.1 /Users/stevenbradshaw/.npm/90d3906b-nodemon-1-5-1.lock
30 silly lockFile 24a6e2f0-js-org-nodemon-nodemon-1-5-1-tgz https://registry.npmjs.org/nodemon/-/nodemon-1.5.1.tgz
31 verbose lock https://registry.npmjs.org/nodemon/-/nodemon-1.5.1.tgz /Users/stevenbradshaw/.npm/24a6e2f0-js-org-nodemon-nodemon-1-5-1-tgz.lock
32 verbose addRemoteTarball [ 'https://registry.npmjs.org/nodemon/-/nodemon-1.5.1.tgz',
32 verbose addRemoteTarball   'd327b81114f11c409c7bbaaa5185e116457e3720' ]
33 info retry fetch attempt 1 at 06:11:30
34 verbose fetch to= /var/folders/3Q/3QGA3AbAHaOUUzeZQhWRN++++TI/-Tmp-/npm-63723-xyU9nqC9/1442553090982-0.361956819659099/tmp.tgz
35 http GET https://registry.npmjs.org/nodemon/-/nodemon-1.5.1.tgz
36 http 200 https://registry.npmjs.org/nodemon/-/nodemon-1.5.1.tgz
37 verbose tar unpack /var/folders/3Q/3QGA3AbAHaOUUzeZQhWRN++++TI/-Tmp-/npm-63723-xyU9nqC9/1442553090982-0.361956819659099/tmp.tgz
38 silly lockFile 3424bdbc-adshaw-npm-nodemon-1-5-1-package tar:///Users/stevenbradshaw/.npm/nodemon/1.5.1/package
39 verbose lock tar:///Users/stevenbradshaw/.npm/nodemon/1.5.1/package /Users/stevenbradshaw/.npm/3424bdbc-adshaw-npm-nodemon-1-5-1-package.lock
40 silly lockFile f8615d60-090982-0-361956819659099-tmp-tgz tar:///var/folders/3Q/3QGA3AbAHaOUUzeZQhWRN++++TI/-Tmp-/npm-63723-xyU9nqC9/1442553090982-0.361956819659099/tmp.tgz
41 verbose lock tar:///var/folders/3Q/3QGA3AbAHaOUUzeZQhWRN++++TI/-Tmp-/npm-63723-xyU9nqC9/1442553090982-0.361956819659099/tmp.tgz /Users/stevenbradshaw/.npm/f8615d60-090982-0-361956819659099-tmp-tgz.lock
42 silly gunzTarPerm modes [ '755', '644' ]
43 silly gunzTarPerm extractEntry package.json
44 silly gunzTarPerm modified mode [ 'package.json', 436, 420 ]
45 silly gunzTarPerm extractEntry .npmignore
46 silly gunzTarPerm modified mode [ '.npmignore', 436, 420 ]
47 silly gunzTarPerm extractEntry README.md
48 silly gunzTarPerm modified mode [ 'README.md', 436, 420 ]
49 silly gunzTarPerm extractEntry .travis.yml
50 silly gunzTarPerm modified mode [ '.travis.yml', 436, 420 ]
51 silly gunzTarPerm extractEntry CODE_OF_CONDUCT.md
52 silly gunzTarPerm modified mode [ 'CODE_OF_CONDUCT.md', 436, 420 ]
53 silly gunzTarPerm extractEntry CONTRIBUTING.md
54 silly gunzTarPerm modified mode [ 'CONTRIBUTING.md', 436, 420 ]
55 silly gunzTarPerm extractEntry Dockerfile
56 silly gunzTarPerm modified mode [ 'Dockerfile', 436, 420 ]
57 silly gunzTarPerm extractEntry .jscsrc
58 silly gunzTarPerm modified mode [ '.jscsrc', 436, 420 ]
59 silly gunzTarPerm extractEntry bin/nodemon.js
60 silly gunzTarPerm modified mode [ 'bin/nodemon.js', 509, 493 ]
61 silly gunzTarPerm extractEntry doc/arch.md
62 silly gunzTarPerm modified mode [ 'doc/arch.md', 436, 420 ]
63 silly gunzTarPerm extractEntry doc/cli/authors.txt
64 silly gunzTarPerm modified mode [ 'doc/cli/authors.txt', 436, 420 ]
65 silly gunzTarPerm extractEntry doc/cli/config.txt
66 silly gunzTarPerm modified mode [ 'doc/cli/config.txt', 436, 420 ]
67 silly gunzTarPerm extractEntry doc/cli/help.txt
68 silly gunzTarPerm modified mode [ 'doc/cli/help.txt', 436, 420 ]
69 silly gunzTarPerm extractEntry doc/cli/logo.txt
70 silly gunzTarPerm modified mode [ 'doc/cli/logo.txt', 436, 420 ]
71 silly gunzTarPerm extractEntry doc/cli/topics.txt
72 silly gunzTarPerm modified mode [ 'doc/cli/topics.txt', 436, 420 ]
73 silly gunzTarPerm extractEntry doc/cli/usage.txt
74 silly gunzTarPerm modified mode [ 'doc/cli/usage.txt', 436, 420 ]
75 silly gunzTarPerm extractEntry doc/cli/whoami.txt
76 silly gunzTarPerm modified mode [ 'doc/cli/whoami.txt', 436, 420 ]
77 silly gunzTarPerm extractEntry doc/events.md
78 silly gunzTarPerm modified mode [ 'doc/events.md', 436, 420 ]
79 silly gunzTarPerm extractEntry doc/option-parsing-logic.md
80 silly gunzTarPerm modified mode [ 'doc/option-parsing-logic.md', 436, 420 ]
81 silly gunzTarPerm extractEntry doc/requireable.md
82 silly gunzTarPerm modified mode [ 'doc/requireable.md', 436, 420 ]
83 silly gunzTarPerm extractEntry doc/rules.md
84 silly gunzTarPerm modified mode [ 'doc/rules.md', 436, 420 ]
85 silly gunzTarPerm extractEntry doc/sample-nodemon.md
86 silly gunzTarPerm modified mode [ 'doc/sample-nodemon.md', 436, 420 ]
87 silly gunzTarPerm extractEntry faq.md
88 silly gunzTarPerm modified mode [ 'faq.md', 436, 420 ]
89 silly gunzTarPerm extractEntry lib/index.js
90 silly gunzTarPerm modified mode [ 'lib/index.js', 436, 420 ]
91 silly gunzTarPerm extractEntry lib/nodemon.js
92 silly gunzTarPerm modified mode [ 'lib/nodemon.js', 436, 420 ]
93 silly gunzTarPerm extractEntry lib/spawn.js
94 silly gunzTarPerm modified mode [ 'lib/spawn.js', 436, 420 ]
95 silly gunzTarPerm extractEntry lib/version.js
96 silly gunzTarPerm modified mode [ 'lib/version.js', 436, 420 ]
97 silly gunzTarPerm extractEntry lib/cli/index.js
98 silly gunzTarPerm modified mode [ 'lib/cli/index.js', 436, 420 ]
99 silly gunzTarPerm extractEntry lib/cli/parse.js
100 silly gunzTarPerm modified mode [ 'lib/cli/parse.js', 436, 420 ]
101 silly gunzTarPerm extractEntry lib/config/command.js
102 silly gunzTarPerm modified mode [ 'lib/config/command.js', 436, 420 ]
103 silly gunzTarPerm extractEntry lib/config/defaults.js
104 silly gunzTarPerm modified mode [ 'lib/config/defaults.js', 436, 420 ]
105 silly gunzTarPerm extractEntry lib/config/exec.js
106 silly gunzTarPerm modified mode [ 'lib/config/exec.js', 436, 420 ]
107 silly gunzTarPerm extractEntry lib/config/index.js
108 silly gunzTarPerm modified mode [ 'lib/config/index.js', 436, 420 ]
109 silly gunzTarPerm extractEntry lib/config/load.js
110 silly gunzTarPerm modified mode [ 'lib/config/load.js', 436, 420 ]
111 silly gunzTarPerm extractEntry lib/help/index.js
112 silly gunzTarPerm modified mode [ 'lib/help/index.js', 436, 420 ]
113 silly gunzTarPerm extractEntry lib/monitor/index.js
114 silly gunzTarPerm modified mode [ 'lib/monitor/index.js', 436, 420 ]
115 silly gunzTarPerm extractEntry lib/monitor/match.js
116 silly gunzTarPerm modified mode [ 'lib/monitor/match.js', 436, 420 ]
117 silly gunzTarPerm extractEntry lib/monitor/run.js
118 silly gunzTarPerm modified mode [ 'lib/monitor/run.js', 436, 420 ]
119 silly gunzTarPerm extractEntry lib/monitor/watch.js
120 silly gunzTarPerm modified mode [ 'lib/monitor/watch.js', 436, 420 ]
121 silly gunzTarPerm extractEntry lib/rules/add.js
122 silly gunzTarPerm modified mode [ 'lib/rules/add.js', 436, 420 ]
123 silly gunzTarPerm extractEntry lib/rules/index.js
124 silly gunzTarPerm modified mode [ 'lib/rules/index.js', 436, 420 ]
125 silly gunzTarPerm extractEntry lib/rules/parse.js
126 silly gunzTarPerm modified mode [ 'lib/rules/parse.js', 436, 420 ]
127 silly gunzTarPerm extractEntry lib/utils/bus.js
128 silly gunzTarPerm modified mode [ 'lib/utils/bus.js', 436, 420 ]
129 silly gunzTarPerm extractEntry lib/utils/clone.js
130 silly gunzTarPerm modified mode [ 'lib/utils/clone.js', 436, 420 ]
131 silly gunzTarPerm extractEntry lib/utils/colour.js
132 silly gunzTarPerm modified mode [ 'lib/utils/colour.js', 436, 420 ]
133 silly gunzTarPerm extractEntry lib/utils/index.js
134 silly gunzTarPerm modified mode [ 'lib/utils/index.js', 436, 420 ]
135 silly gunzTarPerm extractEntry lib/utils/log.js
136 silly gunzTarPerm modified mode [ 'lib/utils/log.js', 436, 420 ]
137 silly gunzTarPerm extractEntry lib/utils/merge.js
138 silly gunzTarPerm modified mode [ 'lib/utils/merge.js', 436, 420 ]
139 silly gunzTarPerm extractEntry .jshintrc
140 silly gunzTarPerm modified mode [ '.jshintrc', 436, 420 ]
141 silly gunzTarPerm extractEntry web/index.js
142 silly gunzTarPerm modified mode [ 'web/index.js', 436, 420 ]
143 silly gunzTarPerm extractEntry web/index.html
144 silly gunzTarPerm modified mode [ 'web/index.html', 436, 420 ]
145 silly gunzTarPerm extractEntry web/nodemon.svg
146 silly gunzTarPerm modified mode [ 'web/nodemon.svg', 436, 420 ]
147 silly lockFile 3424bdbc-adshaw-npm-nodemon-1-5-1-package tar:///Users/stevenbradshaw/.npm/nodemon/1.5.1/package
148 silly lockFile 3424bdbc-adshaw-npm-nodemon-1-5-1-package tar:///Users/stevenbradshaw/.npm/nodemon/1.5.1/package
149 silly lockFile f8615d60-090982-0-361956819659099-tmp-tgz tar:///var/folders/3Q/3QGA3AbAHaOUUzeZQhWRN++++TI/-Tmp-/npm-63723-xyU9nqC9/1442553090982-0.361956819659099/tmp.tgz
150 silly lockFile f8615d60-090982-0-361956819659099-tmp-tgz tar:///var/folders/3Q/3QGA3AbAHaOUUzeZQhWRN++++TI/-Tmp-/npm-63723-xyU9nqC9/1442553090982-0.361956819659099/tmp.tgz
151 silly lockFile 24a6e2f0-js-org-nodemon-nodemon-1-5-1-tgz https://registry.npmjs.org/nodemon/-/nodemon-1.5.1.tgz
152 silly lockFile 24a6e2f0-js-org-nodemon-nodemon-1-5-1-tgz https://registry.npmjs.org/nodemon/-/nodemon-1.5.1.tgz
153 silly lockFile 90d3906b-nodemon-1-5-1 nodemon@1.5.1
154 silly lockFile 90d3906b-nodemon-1-5-1 nodemon@1.5.1
155 silly lockFile 4f5e51c6-nodemon nodemon@
156 silly lockFile 4f5e51c6-nodemon nodemon@
157 silly resolved [ { name: 'nodemon',
157 silly resolved     homepage: 'http://nodemon.io',
157 silly resolved     author: { name: 'Remy Sharp', url: 'http://github.com/remy' },
157 silly resolved     bin: { nodemon: './bin/nodemon.js' },
157 silly resolved     engines: { node: '>=0.8' },
157 silly resolved     repository: { type: 'git', url: 'https://github.com/remy/nodemon.git' },
157 silly resolved     description: 'Simple monitor script for use during development of a node.js app.',
157 silly resolved     keywords:
157 silly resolved      [ 'monitor',
157 silly resolved        'development',
157 silly resolved        'restart',
157 silly resolved        'autoload',
157 silly resolved        'reload',
157 silly resolved        'terminal' ],
157 silly resolved     preferGlobal: 'true',
157 silly resolved     license: 'MIT',
157 silly resolved     main: './lib/nodemon',
157 silly resolved     scripts:
157 silly resolved      { coverage: 'istanbul cover _mocha -- --timeout 30000 --ui bdd --reporter list test/**/*.test.js',
157 silly resolved        lint: 'jscs lib/**/*.js -v',
157 silly resolved        spec: 'mocha --timeout 30000 --ui bdd test/**/*.test.js',
157 silly resolved        test: 'npm run lint && npm run spec',
157 silly resolved        ':test': 'for FILE in test/**/*.test.js; do echo $FILE; ./node_modules/.bin/mocha --timeout 30000 $FILE; if [ $? -ne 0 ]; then exit 1; fi; sleep 1; done',
157 silly resolved        web: 'node web',
157 silly resolved        'semantic-release': 'semantic-release pre && npm publish && semantic-release post' },
157 silly resolved     devDependencies:
157 silly resolved      { async: '^1.4.2',
157 silly resolved        'coffee-script': '~1.7.1',
157 silly resolved        connect: '~2.19.1',
157 silly resolved        istanbul: '~0.2.10',
157 silly resolved        jscs: '^2.1.1',
157 silly resolved        mocha: '^2.0.1',
157 silly resolved        should: '~4.0.0',
157 silly resolved        'semantic-release': '^4.3.4' },
157 silly resolved     dependencies:
157 silly resolved      { chokidar: '^1.0.5',
157 silly resolved        debug: '^2.2.0',
157 silly resolved        'es6-promise': '^3.0.2',
157 silly resolved        'lodash.defaults': '^3.1.2',
157 silly resolved        minimatch: '~0.3.0',
157 silly resolved        'ps-tree': '~0.0.3',
157 silly resolved        touch: '~1.0.0',
157 silly resolved        undefsafe: '0.0.3',
157 silly resolved        'update-notifier': '^0.5.0' },
157 silly resolved     version: '1.5.1',
157 silly resolved     readme: '![nodemon logo](http://nodemon.io/nodemon.svg)\n\n# nodemon\n\n[![Donate](https://img.shields.io/badge/donate-%20%E2%9D%A4%20-green.svg)](https://www.paypal.me/rem)\n\nFor use during development of a node.js based application.\n\nnodemon will watch the files in the directory in which nodemon was started, and if any files change, nodemon will automatically restart your node application.\n\nnodemon does **not** require *any* changes to your code or method of development. nodemon simply wraps your node application and keeps an eye on any files that have changed. Remember that nodemon is a replacement wrapper for `node`, think of it as replacing the word "node" on the command line when you run your script.\n\n[![NPM version](https://badge.fury.io/js/nodemon.svg)](https://npmjs.org/package/nodemon)\n[![Travis Status](https://travis-ci.org/remy/nodemon.svg?branch=master)](https://travis-ci.org/remy/nodemon)\n\n# Installation\n\nEither through forking or by using [npm](http://npmjs.org) (the recommended way):\n\n    npm install -g nodemon\n\nAnd nodemon will be installed in to your bin path. Note that as of npm v1, you must explicitly tell npm to install globally as nodemon is a command line utility.\n\n# Usage\n\nnodemon wraps your application, so you can pass all the arguments you would normally pass to your app:\n\n    nodemon [your node app]\n\nFor CLI options, use the `-h` (or `--help`) argument:\n\n    nodemon -h\n\nUsing nodemon is simple, if my application accepted a host and port as the arguments, I would start it as so:\n\n    nodemon ./server.js localhost 8080\n\nAny output from this script is prefixed with `[nodemon]`, otherwise all output from your application, errors included, will be echoed out as expected.\n\nnodemon also supports running and monitoring [coffee-script](http://coffeescript.org/) apps:\n\n    nodemon server.coffee\n\nIf no script is given, nodemon will test for a `package.json` file and if found, will run the file associated with the *main* property ([ref](https://github.com/remy/nodemon/issues/14)).\n\nYou can also pass the debug flag to node through the command line as you would normally:\n\n    nodemon --debug ./server.js 80\n\nIf you have a `package.json` file for your app, you can omit the main script entirely and nodemon will read the `package.json` for the `main` property and use that value as the app.\n\nnodemon will also search for the `scripts.start` property in `package.json` (as of nodemon 1.1.x).\n\nAlso check out the [FAQ](https://github.com/remy/nodemon/blob/master/faq.md) or [issues](https://github.com/remy/nodemon/issues) for nodemon.\n\n## Automatic re-running\n\nnodemon was originally written to restart hanging processes such as web servers, but now supports apps that cleanly exit. If your script exits cleanly, nodemon will continue to monitor the directory (or directories) and restart the script if there are any changes.\n\n## Manual restarting\n\nWhilst nodemon is running, if you need to manually restart your application, instead of stopping and restart nodemon, you can simply type `rs` with a carriage return, and nodemon will restart your process.\n\n## Config files\n\nnodemon supports local and global configuration files. These are named `nodemon.json` and can be located in the current working directory or in your home directory.\n\nThe specificity is as follows, so that a command line argument will always override the config file settings:\n\n- command line arguments\n- local config\n- global config\n\nA config file can take any of the command line arguments as JSON key values, for example:\n\n    {\n      "verbose": true,\n      "ignore": ["*.test.js", "fixtures/*"],\n      "execMap": {\n        "rb": "ruby",\n        "pde": "processing --sketch={{pwd}} --run"\n      }\n    }\n\nThe above `nodemon.json` file might be my global config so that I have support for ruby files and processing files, and I can simply run `nodemon demo.pde` and nodemon will automatically know how to run the script even though out of the box support for processing scripts.\n\nA further example of options can be seen in [sample-nodemon.md](https://github.com/remy/nodemon/blob/master/doc/sample-nodemon.md)\n\n*This section needs better documentation, but for now you can also see `nodemon --help config` ([also here](https://github.com/remy/nodemon/blob/master/doc/cli/config.txt))*.\n\n## Using nodemon as a module\n\nPlease see [doc/requireable.md](doc/requireable.md)\n\n## Running non-node scripts\n\nnodemon can also be used to execute and monitor other programs. nodemon will read the file extension of the script being run and monitor that extension instead of .js if there\'s no .nodemonignore:\n\n    nodemon --exec "python -v" ./app.py\n\nNow nodemon will run `app.py` with python in verbose mode (note that if you\'re not passing args to the exec program, you don\'t need the quotes), and look for new or modified files with the `.py` extension.\n\n### Default executables\n\nUsing the `nodemon.json` config file, you can define your own default executables using the `execMap` property. This is particularly useful if you\'re working with a language that isn\'t supported by default by nodemon.\n\nTo add support for nodemon to know about the .pl extension (for Perl), the nodemon.json file would add:\n\n    {\n      "execMap": {\n         "pl": "perl"\n      }\n    }\n\nNow running the following, nodemon will know to use `perl` as the executable:\n\n    nodemon script.pl\n\nIt\'s generally recommended to use the global `nodemon.json` to add your own `execMap` options. However, if there\'s a common default that\'s missing, this can be merged in to the project so that nodemon supports it by default, by changing [default.js](https://github.com/remy/nodemon/blob/master/lib/config/defaults.js) and sending a pull request.\n\n## Monitoring multiple directories\n\nBy default nodemon monitors the current working directory. If you want to take control of that option, use the `--watch` option to add specific paths:\n\n    nodemon --watch app --watch libs app/server.js\n\nNow nodemon will only restart if there are changes in the `./app` or `./libs` directory. By default nodemon will traverse sub-directories, so there\'s no need in explicitly including sub-directories.\n\n## Specifying extension watch list\n\nBy default, nodemon looks for files with the `.js`, `.coffee`, and `.litcoffee` extensions. If you use the `--exec` option and monitor `app.py` nodemon will monitor files with the extension of `.py`. However, you can specify your own list with the `-e` (or `--ext`) switch like so:\n\n    nodemon -e js,jade\n\nNow nodemon will restart on any changes to files in the directory (or subdirectories) with the extensions .js, .jade.\n\n## Ignoring files\n\nBy default, nodemon will only restart when a `.js` JavaScript file changes. In some cases you will want to ignore some specific files, directories or file patterns, to prevent nodemon from prematurely restarting your application.\n\nThis can be done via the command line:\n\n    nodemon --ignore lib/ --ignore tests/\n\nOr specific files can be ignored:\n\n    nodemon --ignore lib/app.js\n\nPatterns can also be ignored (but be sure to quote the arguments):\n\n    nodemon --ignore \'lib/*.js\'\n\nNote that by default, nodemon will ignore the `.git`, `node_modules`, `bower_components` and `.sass-cache` directories.\n\n## Delaying restarting\n\nIn some situations, you may want to wait until a number of files have changed. The timeout before checking for new file changes is 1 second. If you\'re uploading a number of files and it\'s taking some number of seconds, this could cause your app to restart multiple times unnecessarily.\n\nTo add an extra throttle, or delay restarting, use the `--delay` command:\n\n    nodemon --delay 10 server.js\n\nFor more precision, milliseconds can be specified.  Either as a float:\n\n    nodemon --delay 2.5 server.js\n\nOr using the time specifier (ms):\n\n    nodemon --delay 2500ms server.js\n\nThe delay figure is number of seconds (or milliseconds, if specified) to delay before restarting. So nodemon will only restart your app the given number of seconds after the *last* file change.\n\n## Controlling shutdown of your script\n\nnodemon sends a kill signal to your application when it sees a file update. If you need to clean up on shutdown inside your script you can capture the kill signal and handle it yourself.\n\nThe following example will listen once for the `SIGUSR2` signal (used by nodemon to restart), run the clean up process and then kill itself for nodemon to continue control:\n\n    process.once(\'SIGUSR2\', function () {\n      gracefulShutdown(function () {\n        process.kill(process.pid, \'SIGUSR2\');\n      });\n    });\n\nNote that the `process.kill` is *only* called once your shutdown jobs are complete. Hat tip to [Benjie Gillam](http://www.benjiegillam.com/2011/08/node-js-clean-restart-and-faster-development-with-nodemon/) for writing this technique up.\n\n## Triggering events when nodemon state changes\n\nIf you want growl like notifications when nodemon restarts or to trigger an action when an event happens, then you can either `require` nodemon or simply add event actions to your `nodemon.json` file.\n\nFor example, to trigger a notification on a Mac when nodemon restarts, `nodemon.json` looks like this:\n\n```json\n{\n  "events": {\n    "restart": "osascript -e \'display notification \\"app restarted\\" with title \\"nodemon\\"\'"\n  }\n}\n```\n\nA full list of available events is listed on the [event states wiki](https://github.com/remy/nodemon/wiki/Events#states). Note that you can bind to both states and messages.\n\n## Pipe output to somewhere else\n\n```js\nnodemon({\n  script: ...,\n  stdout: false // important: this tells nodemon not to output to console\n}).on(\'readable\', function() { // the `readable` event indicates that data is ready to pick up\n  this.stdout.pipe(fs.createWriteStream(\'output.txt\'));\n  this.stderr.pipe(fs.createWriteStream(\'err.txt\'));\n});\n```\n\n## Using io.js for nodemon\n\nIf you *only* have io.js installed (and the default install creates a symlink from `node` to `iojs`), then nodemon will work just fine out of the box (or [should](https://github.com/remy/nodemon/issues/468)).\n\nIf you\'ve got *both* node and io.js installed, then it\'s easy! You can either edit the local `nodemon.json` file (in your working directory) or in your `$HOME` directory containing:\n\n```json\n{\n  "execMap": {\n    "js": "iojs"\n  }\n}\n```\n\nNow you nodemon will use [io.js](https://iojs.org/) with JavaScript files instead of node.\n\n## Using nodemon in your gulp workflow\n\nCheck out the [gulp-nodemon](https://github.com/JacksonGariety/gulp-nodemon) plugin to integrate nodemon with the rest of your project\'s gulp workflow.\n\n## Using nodemon in your Grunt workflow\n\nCheck out the [grunt-nodemon](https://github.com/ChrisWren/grunt-nodemon) plugin to integrate nodemon with the rest of your project\'s grunt workflow.\n\n## Pronunciation\n\n> nodemon, is it pronunced: node-mon, no-demon or node-e-mon (like pokémon)?\n\nWell...I\'ve been asked this many times before. I like that I\'ve been asked this before. There\'s been bets as to which one it actually is.\n\nThe answer is simple, but possibly frustrating. I\'m not saying (how I pronounce it). It\'s up to you to call it as you like. All answers are correct :)\n\n## FAQ\n\nSee the [FAQ](https://github.com/remy/nodemon/blob/master/faq.md) and please add your own questions if you think they would help others.\n\n# License\n\nMIT [http://rem.mit-license.org](http://rem.mit-license.org)\n',
157 silly resolved     readmeFilename: 'README.md',
157 silly resolved     bugs: { url: 'https://github.com/remy/nodemon/issues' },
157 silly resolved     _id: 'nodemon@1.5.1',
157 silly resolved     _shasum: 'd327b81114f11c409c7bbaaa5185e116457e3720',
157 silly resolved     _from: 'nodemon@',
157 silly resolved     _resolved: 'https://registry.npmjs.org/nodemon/-/nodemon-1.5.1.tgz' } ]
158 info install nodemon@1.5.1 into /usr/local/lib
159 info installOne nodemon@1.5.1
160 info /usr/local/lib/node_modules/nodemon unbuild
161 info preuninstall nodemon@1.4.1
162 info uninstall nodemon@1.4.1
163 verbose true,/usr/local/lib/node_modules,/usr/local/lib/node_modules unbuild nodemon@1.4.1
164 verbose /usr/local/bin,[object Object] binRoot
165 info postuninstall nodemon@1.4.1
166 info /usr/local/lib/node_modules/nodemon unbuild
167 info preuninstall nodemon@1.4.1
168 info uninstall nodemon@1.4.1
169 verbose true,/usr/local/lib/node_modules,/usr/local/lib/node_modules unbuild nodemon@1.4.1
170 verbose /usr/local/bin,[object Object] binRoot
171 info postuninstall nodemon@1.4.1
172 error error rolling back Error: EACCES, unlink '/usr/local/lib/node_modules/nodemon'
172 error error rolling back  nodemon@1.5.1 { [Error: EACCES, unlink '/usr/local/lib/node_modules/nodemon']
172 error error rolling back   errno: 3,
172 error error rolling back   code: 'EACCES',
172 error error rolling back   path: '/usr/local/lib/node_modules/nodemon' }
173 error Error: EACCES, unlink '/usr/local/lib/node_modules/nodemon'
173 error  { [Error: EACCES, unlink '/usr/local/lib/node_modules/nodemon']
173 error   errno: 3,
173 error   code: 'EACCES',
173 error   path: '/usr/local/lib/node_modules/nodemon' }
174 error Please try running this command again as root/Administrator.
175 error System Darwin 10.8.0
176 error command "node" "/usr/local/bin/npm" "install" "-g" "nodemon"
177 error cwd /Users/stevenbradshaw/vagrant/ubuntu-dev/fread
178 error node -v v0.10.28
179 error npm -v 1.4.9
180 error path /usr/local/lib/node_modules/nodemon
181 error code EACCES
182 error errno 3
183 error stack Error: EACCES, unlink '/usr/local/lib/node_modules/nodemon'
184 verbose exit [ 3, true ]
